[0m12:41:54.588294 [debug] [MainThread]: Sending event: {'category': 'dbt', 'action': 'invocation', 'label': 'start', 'context': [<snowplow_tracker.self_describing_json.SelfDescribingJson object at 0x000002240B802ED0>, <snowplow_tracker.self_describing_json.SelfDescribingJson object at 0x000002240EE5CAD0>, <snowplow_tracker.self_describing_json.SelfDescribingJson object at 0x000002240EEB0810>]}


============================== 12:41:54.588294 | e3963b08-b432-4c0c-8579-e1132f8a991b ==============================
[0m12:41:54.588294 [info ] [MainThread]: Running with dbt=1.10.15
[0m12:41:54.588294 [debug] [MainThread]: running dbt with arguments {'static_parser': 'True', 'no_print': 'None', 'version_check': 'True', 'target_path': 'None', 'warn_error_options': 'WarnErrorOptionsV2(error=[], warn=[], silence=[])', 'printer_width': '80', 'write_json': 'True', 'introspect': 'True', 'log_cache_events': 'False', 'empty': 'None', 'cache_selected_only': 'False', 'log_format': 'default', 'debug': 'False', 'fail_fast': 'False', 'profiles_dir': 'C:\\Users\\Nitis\\.dbt', 'send_anonymous_usage_stats': 'True', 'quiet': 'False', 'warn_error': 'None', 'partial_parse': 'True', 'indirect_selection': 'eager', 'use_colors': 'True', 'invocation_command': 'dbt init elt_data_pipeline_version_1', 'use_experimental_parser': 'False', 'log_path': 'logs'}
[0m12:41:54.655545 [info ] [MainThread]: Creating dbt configuration folder at C:\Users\Nitis\.dbt
[0m12:41:54.659744 [debug] [MainThread]: Starter project path: C:\Users\Nitis\Documents\dbt_env\Lib\site-packages\dbt\include\starter_project
[0m12:41:54.813609 [info ] [MainThread]: 
Your new dbt project "elt_data_pipeline_version_1" was created!

For more information on how to configure the profiles.yml file,
please consult the dbt documentation here:

  https://docs.getdbt.com/docs/configure-your-profile

One more thing:

Need help? Don't hesitate to reach out to us via GitHub issues or on Slack:

  https://community.getdbt.com/

Happy modeling!

[0m12:41:54.813609 [info ] [MainThread]: Setting up your profile.
[0m12:42:12.159026 [info ] [MainThread]: Profile elt_data_pipeline_version_1 written to C:\Users\Nitis\.dbt\profiles.yml using target's sample configuration. Once updated, you'll be able to start developing with dbt.
[0m12:42:12.161616 [debug] [MainThread]: Command `dbt init` succeeded at 12:42:12.161616 after 17.81 seconds
[0m12:42:12.161616 [debug] [MainThread]: Sending event: {'category': 'dbt', 'action': 'invocation', 'label': 'end', 'context': [<snowplow_tracker.self_describing_json.SelfDescribingJson object at 0x00000224081B98D0>, <snowplow_tracker.self_describing_json.SelfDescribingJson object at 0x00000224081FA350>, <snowplow_tracker.self_describing_json.SelfDescribingJson object at 0x000002240EB0F750>]}
[0m12:42:12.161616 [debug] [MainThread]: Flushing usage events
[0m12:42:13.270830 [debug] [MainThread]: An error was encountered while trying to flush usage events
